


ARM Macro Assembler    Page 1 


    1 00000000         ; //////////////////////////////////////////////////////
                       //////////////////////////
    2 00000000         ; /// @file     startup_mm32f327x_keil.s
    3 00000000         ; /// @author   AE TEAM
    4 00000000         ; /// @brief    THIS FILE PROVIDES ALL THE Device Startu
                       p File of MM32 Cortex-M
    5 00000000         ; ///           Core Device for ARM KEIL toolchain.
    6 00000000         ; //////////////////////////////////////////////////////
                       //////////////////////////
    7 00000000         ; /// @attention
    8 00000000         ; ///
    9 00000000         ; /// THE EXISTING FIRMWARE IS ONLY FOR REFERENCE, WHICH
                        IS DESIGNED TO PROVIDE
   10 00000000         ; /// CUSTOMERS WITH CODING INFORMATION ABOUT THEIR PROD
                       UCTS SO THEY CAN SAVE
   11 00000000         ; /// TIME. THEREFORE, MINDMOTION SHALL NOT BE LIABLE FO
                       R ANY DIRECT, INDIRECT OR
   12 00000000         ; /// CONSEQUENTIAL DAMAGES ABOUT ANY CLAIMS ARISING OUT
                        OF THE CONTENT OF SUCH
   13 00000000         ; /// HARDWARE AND/OR THE USE OF THE CODING INFORMATION 
                       CONTAINED HEREIN IN
   14 00000000         ; /// CONNECTION WITH PRODUCTS MADE BY CUSTOMERS.
   15 00000000         ; ///
   16 00000000         ; /// <H2><CENTER>&COPY; COPYRIGHT MINDMOTION </CENTER><
                       /H2>
   17 00000000         ; //////////////////////////////////////////////////////
                       ////////////////////////
   18 00000000         ;
   19 00000000         ; Amount of memory (in bytes) allocated for Stack
   20 00000000         ; Tailor this value to your application needs
   21 00000000         ; <h> Stack Configuration
   22 00000000         ;   <o> Stack Size (in Bytes) <0x0-0xFFFFFFFF:8>
   23 00000000         ; </h>
   24 00000000         
   25 00000000 00000400 
                       Stack_Size
                               EQU              0x00000400
   26 00000000         
   27 00000000                 AREA             STACK, NOINIT, READWRITE, ALIGN
=3
   28 00000000         Stack_Mem
                               SPACE            Stack_Size
   29 00000400         __initial_sp
   30 00000400         
   31 00000400         ; <h> Heap Configuration
   32 00000400         ;   <o>  Heap Size (in Bytes) <0x0-0xFFFFFFFF:8>
   33 00000400         ; </h>
   34 00000400 00000200 
                       Heap_Size
                               EQU              0x00000200
   35 00000400         
   36 00000400                 AREA             HEAP, NOINIT, READWRITE, ALIGN=
3
   37 00000000         __heap_base
   38 00000000         Heap_Mem
                               SPACE            Heap_Size
   39 00000200         __heap_limit
   40 00000200         
   41 00000200                 PRESERVE8



ARM Macro Assembler    Page 2 


   42 00000200                 THUMB
   43 00000200         
   44 00000200         ; Vector Table Mapped to Address 0 at Reset
   45 00000200                 AREA             RESET, DATA, READONLY
   46 00000000                 EXPORT           __Vectors
   47 00000000                 EXPORT           __Vectors_End
   48 00000000                 EXPORT           __Vectors_Size
   49 00000000         
   50 00000000 00000000 
                       __Vectors
                               DCD              __initial_sp ;         Top of S
                                                            tack
   51 00000004 00000000        DCD              Reset_Handler ;         Reset H
                                                            andler
   52 00000008 00000000        DCD              NMI_Handler ; -14     NMI Handl
                                                            er
   53 0000000C 00000000        DCD              HardFault_Handler ; -13     Har
                                                            d Fault Handler
   54 00000010 00000000        DCD              MemManage_Handler ; -12     MPU
                                                             Fault Handler
   55 00000014 00000000        DCD              BusFault_Handler ; -11     Bus 
                                                            Fault Handler
   56 00000018 00000000        DCD              UsageFault_Handler ; -10     Us
                                                            age Fault Handler
   57 0000001C         __vector_table_0x1c
   58 0000001C 00000000        DCD              0           ; -9      Reserved
   59 00000020 00000000        DCD              0           ; -8      Reserved
   60 00000024 00000000        DCD              0           ; -7      Reserved
   61 00000028 00000000        DCD              0           ; -6      Reserved
   62 0000002C 00000000        DCD              SVC_Handler ; -5      SVCall Ha
                                                            ndler
   63 00000030 00000000        DCD              DebugMon_Handler ; -4      Debu
                                                            g Monitor Handler
   64 00000034 00000000        DCD              0           ; -3      Reserved
   65 00000038 00000000        DCD              PendSV_Handler ; -2      PendSV
                                                             Handler
   66 0000003C 00000000        DCD              SysTick_Handler ; -1      SysTi
                                                            ck Handler  ; Exter
                                                            nal Interrupts     
                                                            
   67 00000040 00000000        DCD              WWDG_IRQHandler ; 0       Windo
                                                            w Watchdog
   68 00000044 00000000        DCD              PVD_IRQHandler ; 1       PVD th
                                                            rough EXTI Line det
                                                            ect
   69 00000048 00000000        DCD              TAMPER_IRQHandler 
                                                            ; 2       Tamper
   70 0000004C 00000000        DCD              RTC_IRQHandler ; 3       RTC
   71 00000050 00000000        DCD              FLASH_IRQHandler 
                                                            ; 4       Flash
   72 00000054 00000000        DCD              RCC_CRS_IRQHandler 
                                                            ; 5       RCC
   73 00000058 00000000        DCD              EXTI0_IRQHandler ; 6       EXTI
                                                             Line 0
   74 0000005C 00000000        DCD              EXTI1_IRQHandler ; 7       EXTI
                                                             Line 1
   75 00000060 00000000        DCD              EXTI2_IRQHandler ; 8       EXTI
                                                             Line 2
   76 00000064 00000000        DCD              EXTI3_IRQHandler ; 9       EXTI



ARM Macro Assembler    Page 3 


                                                             Line 3
   77 00000068 00000000        DCD              EXTI4_IRQHandler ; 10      EXTI
                                                             Line 4
   78 0000006C 00000000        DCD              DMA1_Channel1_IRQHandler ; 11  
                                                                DMA1 Channel 1
   79 00000070 00000000        DCD              DMA1_Channel2_IRQHandler ; 12  
                                                                DMA1 Channel 2
   80 00000074 00000000        DCD              DMA1_Channel3_IRQHandler ; 13  
                                                                DMA1 Channel 3
   81 00000078 00000000        DCD              DMA1_Channel4_IRQHandler ; 14  
                                                                DMA1 Channel 4
   82 0000007C 00000000        DCD              DMA1_Channel5_IRQHandler ; 15  
                                                                DMA1 Channel 5
   83 00000080 00000000        DCD              DMA1_Channel6_IRQHandler ; 16  
                                                                DMA1 Channel 6
   84 00000084 00000000        DCD              DMA1_Channel7_IRQHandler ; 17  
                                                                DMA1 Channel 7
   85 00000088 00000000        DCD              ADC1_2_IRQHandler ; 18      ADC
                                                            1 and ADC2
   86 0000008C 00000000        DCD              FlashCache_IRQHandler ; 19     
                                                             FlashCache outage
   87 00000090 00000000        DCD              0           ; 20      Reserved
   88 00000094 00000000        DCD              CAN1_RX_IRQHandler 
                                                            ; 21      CAN1_RX
   89 00000098 00000000        DCD              0           ; 22      Reserved
   90 0000009C 00000000        DCD              EXTI9_5_IRQHandler ; 23      EX
                                                            TI Line 9..5
   91 000000A0 00000000        DCD              TIM1_BRK_IRQHandler ; 24      T
                                                            IM1 Break
   92 000000A4 00000000        DCD              TIM1_UP_IRQHandler ; 25      TI
                                                            M1 Update
   93 000000A8 00000000        DCD              TIM1_TRG_COM_IRQHandler ; 26   
                                                               TIM1 Trigger and
                                                             Commutation
   94 000000AC 00000000        DCD              TIM1_CC_IRQHandler ; 27      TI
                                                            M1 Capture Compare
   95 000000B0 00000000        DCD              TIM2_IRQHandler ; 28      TIM2
   96 000000B4 00000000        DCD              TIM3_IRQHandler ; 29      TIM3
   97 000000B8 00000000        DCD              TIM4_IRQHandler ; 30      TIM4
   98 000000BC 00000000        DCD              I2C1_IRQHandler ; 31      I2C1 
                                                            Event
   99 000000C0 00000000        DCD              0           ; 32      Reserved
  100 000000C4 00000000        DCD              I2C2_IRQHandler ; 33      I2C2 
                                                            Event
  101 000000C8 00000000        DCD              0           ; 34      Reserved
  102 000000CC 00000000        DCD              SPI1_IRQHandler ; 35      SPI1
  103 000000D0 00000000        DCD              SPI2_IRQHandler ; 36      SPI2
  104 000000D4 00000000        DCD              UART1_IRQHandler 
                                                            ; 37      UART1
  105 000000D8 00000000        DCD              UART2_IRQHandler 
                                                            ; 38      UART2
  106 000000DC 00000000        DCD              UART3_IRQHandler 
                                                            ; 39      UART3
  107 000000E0 00000000        DCD              EXTI15_10_IRQHandler ; 40      
                                                            EXTI Line 15..10
  108 000000E4 00000000        DCD              RTCAlarm_IRQHandler ; 41      R
                                                            TC Alarm through EX
                                                            TI Line 17
  109 000000E8 00000000        DCD              OTG_FS_WKUP_IRQHandler ; 42    



ARM Macro Assembler    Page 4 


                                                              USB OTG FS Wakeup
                                                             through EXTI line
  110 000000EC 00000000        DCD              TIM8_BRK_IRQHandler ; 43      T
                                                            IM8 Break
  111 000000F0 00000000        DCD              TIM8_UP_IRQHandler ; 44      TI
                                                            M8 Update
  112 000000F4 00000000        DCD              TIM8_TRG_COM_IRQHandler ; 45   
                                                               TIM8 Trigger and
                                                             Commutation
  113 000000F8 00000000        DCD              TIM8_CC_IRQHandler ; 46      TI
                                                            M8 Capture Compare
  114 000000FC 00000000        DCD              ADC3_IRQHandler ; 47      ADC3
  115 00000100 00000000        DCD              0           ; 48      Reserved
  116 00000104 00000000        DCD              SDIO_IRQHandler ; 49      SDIO
  117 00000108 00000000        DCD              TIM5_IRQHandler ; 50      TIM5
  118 0000010C 00000000        DCD              SPI3_IRQHandler ; 51      SPI3
  119 00000110 00000000        DCD              UART4_IRQHandler 
                                                            ; 52      UART4
  120 00000114 00000000        DCD              UART5_IRQHandler 
                                                            ; 53      UART5
  121 00000118 00000000        DCD              TIM6_IRQHandler ; 54      TIM6
  122 0000011C 00000000        DCD              TIM7_IRQHandler ; 55      TIM7
  123 00000120 00000000        DCD              DMA2_Channel1_IRQHandler ; 56  
                                                                DMA2 Channel 1
  124 00000124 00000000        DCD              DMA2_Channel2_IRQHandler ; 57  
                                                                DMA2 Channel 2
  125 00000128 00000000        DCD              DMA2_Channel3_IRQHandler ; 58  
                                                                DMA2 Channel 3
  126 0000012C 00000000        DCD              DMA2_Channel4_IRQHandler ; 59  
                                                                DMA2 Channel 4
  127 00000130 00000000        DCD              DMA2_Channel5_IRQHandler ; 60  
                                                                DMA2 Channel 5
  128 00000134 00000000        DCD              ETH_IRQHandler 
                                                            ; 61      Ethernet
  129 00000138 00000000        DCD              0           ; 62      Reserved
  130 0000013C 00000000        DCD              0           ; 63      Reserved
  131 00000140 00000000        DCD              COMP1_2_IRQHandler ; 64      CO
                                                            MP1,COMP2
  132 00000144 00000000        DCD              0           ; 65      Reserved
  133 00000148 00000000        DCD              0           ; 66      Reserved
  134 0000014C 00000000        DCD              OTG_FS_IRQHandler ; 67      USB
                                                             OTG_FullSpeed
  135 00000150 00000000        DCD              0           ; 68      Reserved
  136 00000154 00000000        DCD              0           ; 69      Reserved
  137 00000158 00000000        DCD              0           ; 70      Reserved
  138 0000015C 00000000        DCD              UART6_IRQHandler 
                                                            ; 71      UART6  
  139 00000160 00000000        DCD              0           ; 72      Reserved
  140 00000164 00000000        DCD              0           ; 73      Reserved
  141 00000168 00000000        DCD              0           ; 74      Reserved
  142 0000016C 00000000        DCD              0           ; 75      Reserved
  143 00000170 00000000        DCD              0           ; 76      Reserved
  144 00000174 00000000        DCD              0           ; 77      Reserved
  145 00000178 00000000        DCD              0           ; 78      Reserved
  146 0000017C 00000000        DCD              0           ; 79      Reserved
  147 00000180 00000000        DCD              0           ; 80      Reserved
  148 00000184 00000000        DCD              0           ; 81      Reserved
  149 00000188 00000000        DCD              UART7_IRQHandler 
                                                            ; 82      UART7



ARM Macro Assembler    Page 5 


  150 0000018C 00000000        DCD              UART8_IRQHandler 
                                                            ; 83      UART8
  151 00000190         
  152 00000190         __Vectors_End
  153 00000190         
  154 00000190 00000190 
                       __Vectors_Size
                               EQU              __Vectors_End - __Vectors
  155 00000190         
  156 00000190                 AREA             |.text|, CODE, READONLY
  157 00000000         
  158 00000000         ; Reset handler
  159 00000000         Reset_Handler
                               PROC
  160 00000000                 EXPORT           Reset_Handler              [WEA
K]
  161 00000000                 IMPORT           __main
  162 00000000                 IMPORT           SystemInit
  163 00000000 4806            LDR              R0, =SystemInit
  164 00000002 4780            BLX              R0
  165 00000004 4806            LDR              R0, =__main
  166 00000006 4700            BX               R0
  167 00000008                 ENDP
  168 00000008         
  169 00000008         ; Dummy Exception Handlers (infinite loops which can be 
                       modified)
  170 00000008         
  171 00000008         NMI_Handler
                               PROC
  172 00000008                 EXPORT           NMI_Handler                [WEA
K]
  173 00000008 E7FE            B                .
  174 0000000A                 ENDP
  176 0000000A         HardFault_Handler
                               PROC
  177 0000000A                 EXPORT           HardFault_Handler          [WEA
K]
  178 0000000A E7FE            B                .
  179 0000000C                 ENDP
  181 0000000C         MemManage_Handler
                               PROC
  182 0000000C                 EXPORT           MemManage_Handler          [WEA
K]
  183 0000000C E7FE            B                .
  184 0000000E                 ENDP
  186 0000000E         BusFault_Handler
                               PROC
  187 0000000E                 EXPORT           BusFault_Handler           [WEA
K]
  188 0000000E E7FE            B                .
  189 00000010                 ENDP
  191 00000010         UsageFault_Handler
                               PROC
  192 00000010                 EXPORT           UsageFault_Handler         [WEA
K]
  193 00000010 E7FE            B                .
  194 00000012                 ENDP
  195 00000012         SVC_Handler
                               PROC



ARM Macro Assembler    Page 6 


  196 00000012                 EXPORT           SVC_Handler                [WEA
K]
  197 00000012 E7FE            B                .
  198 00000014                 ENDP
  200 00000014         DebugMon_Handler
                               PROC
  201 00000014                 EXPORT           DebugMon_Handler           [WEA
K]
  202 00000014 E7FE            B                .
  203 00000016                 ENDP
  204 00000016         PendSV_Handler
                               PROC
  205 00000016                 EXPORT           PendSV_Handler             [WEA
K]
  206 00000016 E7FE            B                .
  207 00000018                 ENDP
  208 00000018         SysTick_Handler
                               PROC
  209 00000018                 EXPORT           SysTick_Handler            [WEA
K]
  210 00000018 E7FE            B                .
  211 0000001A                 ENDP
  212 0000001A         
  213 0000001A         Default_Handler
                               PROC
  214 0000001A         
  215 0000001A                 EXPORT           WWDG_IRQHandler            [WEA
K]
  216 0000001A                 EXPORT           PVD_IRQHandler             [WEA
K]
  217 0000001A                 EXPORT           TAMPER_IRQHandler          [WEA
K]
  218 0000001A                 EXPORT           RTC_IRQHandler             [WEA
K]
  219 0000001A                 EXPORT           FLASH_IRQHandler           [WEA
K]
  220 0000001A                 EXPORT           RCC_CRS_IRQHandler         [WEA
K]
  221 0000001A                 EXPORT           EXTI0_IRQHandler           [WEA
K]
  222 0000001A                 EXPORT           EXTI1_IRQHandler           [WEA
K]
  223 0000001A                 EXPORT           EXTI2_IRQHandler           [WEA
K]
  224 0000001A                 EXPORT           EXTI3_IRQHandler           [WEA
K]
  225 0000001A                 EXPORT           EXTI4_IRQHandler           [WEA
K]
  226 0000001A                 EXPORT           DMA1_Channel1_IRQHandler   [WEA
K]
  227 0000001A                 EXPORT           DMA1_Channel2_IRQHandler   [WEA
K]
  228 0000001A                 EXPORT           DMA1_Channel3_IRQHandler   [WEA
K]
  229 0000001A                 EXPORT           DMA1_Channel4_IRQHandler   [WEA
K]
  230 0000001A                 EXPORT           DMA1_Channel5_IRQHandler   [WEA
K]
  231 0000001A                 EXPORT           DMA1_Channel6_IRQHandler   [WEA



ARM Macro Assembler    Page 7 


K]
  232 0000001A                 EXPORT           DMA1_Channel7_IRQHandler   [WEA
K]
  233 0000001A                 EXPORT           ADC1_2_IRQHandler          [WEA
K]
  234 0000001A                 EXPORT           FlashCache_IRQHandler      [WEA
K]
  235 0000001A                 EXPORT           CAN1_RX_IRQHandler         [WEA
K]
  236 0000001A                 EXPORT           EXTI9_5_IRQHandler         [WEA
K]
  237 0000001A                 EXPORT           TIM1_BRK_IRQHandler        [WEA
K]
  238 0000001A                 EXPORT           TIM1_UP_IRQHandler         [WEA
K]
  239 0000001A                 EXPORT           TIM1_TRG_COM_IRQHandler    [WEA
K]
  240 0000001A                 EXPORT           TIM1_CC_IRQHandler         [WEA
K]
  241 0000001A                 EXPORT           TIM2_IRQHandler            [WEA
K]
  242 0000001A                 EXPORT           TIM3_IRQHandler            [WEA
K]
  243 0000001A                 EXPORT           TIM4_IRQHandler            [WEA
K]
  244 0000001A                 EXPORT           I2C1_IRQHandler            [WEA
K]
  245 0000001A                 EXPORT           I2C2_IRQHandler            [WEA
K]
  246 0000001A                 EXPORT           SPI1_IRQHandler            [WEA
K]
  247 0000001A                 EXPORT           SPI2_IRQHandler            [WEA
K]
  248 0000001A                 EXPORT           UART1_IRQHandler           [WEA
K]
  249 0000001A                 EXPORT           UART2_IRQHandler           [WEA
K]
  250 0000001A                 EXPORT           UART3_IRQHandler           [WEA
K]
  251 0000001A                 EXPORT           EXTI15_10_IRQHandler       [WEA
K]
  252 0000001A                 EXPORT           RTCAlarm_IRQHandler        [WEA
K]
  253 0000001A                 EXPORT           OTG_FS_WKUP_IRQHandler     [WEA
K]
  254 0000001A                 EXPORT           TIM8_BRK_IRQHandler        [WEA
K]
  255 0000001A                 EXPORT           TIM8_UP_IRQHandler         [WEA
K]
  256 0000001A                 EXPORT           TIM8_TRG_COM_IRQHandler    [WEA
K]
  257 0000001A                 EXPORT           TIM8_CC_IRQHandler         [WEA
K]
  258 0000001A                 EXPORT           ADC3_IRQHandler            [WEA
K]
  259 0000001A                 EXPORT           SDIO_IRQHandler            [WEA
K]
  260 0000001A                 EXPORT           TIM5_IRQHandler            [WEA
K]



ARM Macro Assembler    Page 8 


  261 0000001A                 EXPORT           SPI3_IRQHandler            [WEA
K]
  262 0000001A                 EXPORT           UART4_IRQHandler           [WEA
K]
  263 0000001A                 EXPORT           UART5_IRQHandler           [WEA
K]
  264 0000001A                 EXPORT           TIM6_IRQHandler            [WEA
K]
  265 0000001A                 EXPORT           TIM7_IRQHandler            [WEA
K]
  266 0000001A                 EXPORT           DMA2_Channel1_IRQHandler   [WEA
K]
  267 0000001A                 EXPORT           DMA2_Channel2_IRQHandler   [WEA
K]
  268 0000001A                 EXPORT           DMA2_Channel3_IRQHandler   [WEA
K]
  269 0000001A                 EXPORT           DMA2_Channel4_IRQHandler   [WEA
K]
  270 0000001A                 EXPORT           DMA2_Channel5_IRQHandler   [WEA
K]
  271 0000001A                 EXPORT           ETH_IRQHandler             [WEA
K]
  272 0000001A                 EXPORT           COMP1_2_IRQHandler         [WEA
K]
  273 0000001A                 EXPORT           OTG_FS_IRQHandler          [WEA
K]
  274 0000001A                 EXPORT           UART6_IRQHandler           [WEA
K]
  275 0000001A                 EXPORT           UART7_IRQHandler           [WEA
K]
  276 0000001A                 EXPORT           UART8_IRQHandler           [WEA
K]
  277 0000001A         
  278 0000001A         WWDG_IRQHandler
  279 0000001A         PVD_IRQHandler
  280 0000001A         TAMPER_IRQHandler
  281 0000001A         RTC_IRQHandler
  282 0000001A         FLASH_IRQHandler
  283 0000001A         RCC_CRS_IRQHandler
  284 0000001A         EXTI0_IRQHandler
  285 0000001A         EXTI1_IRQHandler
  286 0000001A         EXTI2_IRQHandler
  287 0000001A         EXTI3_IRQHandler
  288 0000001A         EXTI4_IRQHandler
  289 0000001A         DMA1_Channel1_IRQHandler
  290 0000001A         DMA1_Channel2_IRQHandler
  291 0000001A         DMA1_Channel3_IRQHandler
  292 0000001A         DMA1_Channel4_IRQHandler
  293 0000001A         DMA1_Channel5_IRQHandler
  294 0000001A         DMA1_Channel6_IRQHandler
  295 0000001A         DMA1_Channel7_IRQHandler
  296 0000001A         ADC1_2_IRQHandler
  297 0000001A         FlashCache_IRQHandler
  298 0000001A         CAN1_RX_IRQHandler
  299 0000001A         EXTI9_5_IRQHandler
  300 0000001A         TIM1_BRK_IRQHandler
  301 0000001A         TIM1_UP_IRQHandler
  302 0000001A         TIM1_TRG_COM_IRQHandler
  303 0000001A         TIM1_CC_IRQHandler



ARM Macro Assembler    Page 9 


  304 0000001A         TIM2_IRQHandler
  305 0000001A         TIM3_IRQHandler
  306 0000001A         TIM4_IRQHandler
  307 0000001A         I2C1_IRQHandler
  308 0000001A         I2C2_IRQHandler
  309 0000001A         SPI1_IRQHandler
  310 0000001A         SPI2_IRQHandler
  311 0000001A         UART1_IRQHandler
  312 0000001A         UART2_IRQHandler
  313 0000001A         UART3_IRQHandler
  314 0000001A         EXTI15_10_IRQHandler
  315 0000001A         RTCAlarm_IRQHandler
  316 0000001A         OTG_FS_WKUP_IRQHandler
  317 0000001A         TIM8_BRK_IRQHandler
  318 0000001A         TIM8_UP_IRQHandler
  319 0000001A         TIM8_TRG_COM_IRQHandler
  320 0000001A         TIM8_CC_IRQHandler
  321 0000001A         ADC3_IRQHandler
  322 0000001A         SDIO_IRQHandler
  323 0000001A         TIM5_IRQHandler
  324 0000001A         SPI3_IRQHandler
  325 0000001A         UART4_IRQHandler
  326 0000001A         UART5_IRQHandler
  327 0000001A         TIM6_IRQHandler
  328 0000001A         TIM7_IRQHandler
  329 0000001A         DMA2_Channel1_IRQHandler
  330 0000001A         DMA2_Channel2_IRQHandler
  331 0000001A         DMA2_Channel3_IRQHandler
  332 0000001A         DMA2_Channel4_IRQHandler
  333 0000001A         DMA2_Channel5_IRQHandler
  334 0000001A         ETH_IRQHandler
  335 0000001A         COMP1_2_IRQHandler
  336 0000001A         OTG_FS_IRQHandler
  337 0000001A         UART6_IRQHandler
  338 0000001A         UART7_IRQHandler
  339 0000001A         UART8_IRQHandler
  340 0000001A         
  341 0000001A         
  342 0000001A E7FE            B                .
  343 0000001C         
  344 0000001C                 ENDP
  345 0000001C         
  346 0000001C                 ALIGN
  347 0000001C         
  348 0000001C         ;*******************************************************
                       ************************
  349 0000001C         ; User Stack and Heap initialization
  350 0000001C         ;*******************************************************
                       ************************
  351 0000001C                 IF               :DEF:__MICROLIB
  352 0000001C         
  353 0000001C                 EXPORT           __initial_sp
  354 0000001C                 EXPORT           __heap_base
  355 0000001C                 EXPORT           __heap_limit
  356 0000001C         
  357 0000001C                 ELSE
  372                          ENDIF
  373 0000001C         
  374 0000001C                 END



ARM Macro Assembler    Page 10 


              00000000 
              00000000 
Command Line: --debug --xref --diag_suppress=9931 --cpu=Cortex-M3 --apcs=interw
ork --depend=.\obj\startup_mm32f327x_keil.d -o.\obj\startup_mm32f327x_keil.o -I
.\RTE\_MM32Series -IC:\Users\Administrator\AppData\Local\Arm\Packs\MindMotion\M
M32F3270_DFP\1.0.5\Device\MM32F327x\Include -ID:\Keil_v5\ARM\CMSIS\Include --pr
edefine="__MICROLIB SETA 1" --predefine="__UVISION_VERSION SETA 529" --predefin
e="MM32F3277G8P SETA 1" --list=.\obj\startup_mm32f327x_keil.lst ..\..\Device\MM
32F327x\Source\KEIL_StartAsm\startup_mm32f327x_keil.s



ARM Macro Assembler    Page 1 Alphabetic symbol ordering
Relocatable symbols

STACK 00000000

Symbol: STACK
   Definitions
      At line 27 in file ..\..\Device\MM32F327x\Source\KEIL_StartAsm\startup_mm
32f327x_keil.s
   Uses
      None
Comment: STACK unused
Stack_Mem 00000000

Symbol: Stack_Mem
   Definitions
      At line 28 in file ..\..\Device\MM32F327x\Source\KEIL_StartAsm\startup_mm
32f327x_keil.s
   Uses
      None
Comment: Stack_Mem unused
__initial_sp 00000400

Symbol: __initial_sp
   Definitions
      At line 29 in file ..\..\Device\MM32F327x\Source\KEIL_StartAsm\startup_mm
32f327x_keil.s
   Uses
      At line 50 in file ..\..\Device\MM32F327x\Source\KEIL_StartAsm\startup_mm
32f327x_keil.s
      At line 353 in file ..\..\Device\MM32F327x\Source\KEIL_StartAsm\startup_m
m32f327x_keil.s

3 symbols



ARM Macro Assembler    Page 1 Alphabetic symbol ordering
Relocatable symbols

HEAP 00000000

Symbol: HEAP
   Definitions
      At line 36 in file ..\..\Device\MM32F327x\Source\KEIL_StartAsm\startup_mm
32f327x_keil.s
   Uses
      None
Comment: HEAP unused
Heap_Mem 00000000

Symbol: Heap_Mem
   Definitions
      At line 38 in file ..\..\Device\MM32F327x\Source\KEIL_StartAsm\startup_mm
32f327x_keil.s
   Uses
      None
Comment: Heap_Mem unused
__heap_base 00000000

Symbol: __heap_base
   Definitions
      At line 37 in file ..\..\Device\MM32F327x\Source\KEIL_StartAsm\startup_mm
32f327x_keil.s
   Uses
      At line 354 in file ..\..\Device\MM32F327x\Source\KEIL_StartAsm\startup_m
m32f327x_keil.s
Comment: __heap_base used once
__heap_limit 00000200

Symbol: __heap_limit
   Definitions
      At line 39 in file ..\..\Device\MM32F327x\Source\KEIL_StartAsm\startup_mm
32f327x_keil.s
   Uses
      At line 355 in file ..\..\Device\MM32F327x\Source\KEIL_StartAsm\startup_m
m32f327x_keil.s
Comment: __heap_limit used once
4 symbols



ARM Macro Assembler    Page 1 Alphabetic symbol ordering
Relocatable symbols

RESET 00000000

Symbol: RESET
   Definitions
      At line 45 in file ..\..\Device\MM32F327x\Source\KEIL_StartAsm\startup_mm
32f327x_keil.s
   Uses
      None
Comment: RESET unused
__Vectors 00000000

Symbol: __Vectors
   Definitions
      At line 50 in file ..\..\Device\MM32F327x\Source\KEIL_StartAsm\startup_mm
32f327x_keil.s
   Uses
      At line 46 in file ..\..\Device\MM32F327x\Source\KEIL_StartAsm\startup_mm
32f327x_keil.s
      At line 154 in file ..\..\Device\MM32F327x\Source\KEIL_StartAsm\startup_m
m32f327x_keil.s

__Vectors_End 00000190

Symbol: __Vectors_End
   Definitions
      At line 152 in file ..\..\Device\MM32F327x\Source\KEIL_StartAsm\startup_m
m32f327x_keil.s
   Uses
      At line 47 in file ..\..\Device\MM32F327x\Source\KEIL_StartAsm\startup_mm
32f327x_keil.s
      At line 154 in file ..\..\Device\MM32F327x\Source\KEIL_StartAsm\startup_m
m32f327x_keil.s

__vector_table_0x1c 0000001C

Symbol: __vector_table_0x1c
   Definitions
      At line 57 in file ..\..\Device\MM32F327x\Source\KEIL_StartAsm\startup_mm
32f327x_keil.s
   Uses
      None
Comment: __vector_table_0x1c unused
4 symbols



ARM Macro Assembler    Page 1 Alphabetic symbol ordering
Relocatable symbols

.text 00000000

Symbol: .text
   Definitions
      At line 156 in file ..\..\Device\MM32F327x\Source\KEIL_StartAsm\startup_m
m32f327x_keil.s
   Uses
      None
Comment: .text unused
ADC1_2_IRQHandler 0000001A

Symbol: ADC1_2_IRQHandler
   Definitions
      At line 296 in file ..\..\Device\MM32F327x\Source\KEIL_StartAsm\startup_m
m32f327x_keil.s
   Uses
      At line 85 in file ..\..\Device\MM32F327x\Source\KEIL_StartAsm\startup_mm
32f327x_keil.s
      At line 233 in file ..\..\Device\MM32F327x\Source\KEIL_StartAsm\startup_m
m32f327x_keil.s

ADC3_IRQHandler 0000001A

Symbol: ADC3_IRQHandler
   Definitions
      At line 321 in file ..\..\Device\MM32F327x\Source\KEIL_StartAsm\startup_m
m32f327x_keil.s
   Uses
      At line 114 in file ..\..\Device\MM32F327x\Source\KEIL_StartAsm\startup_m
m32f327x_keil.s
      At line 258 in file ..\..\Device\MM32F327x\Source\KEIL_StartAsm\startup_m
m32f327x_keil.s

BusFault_Handler 0000000E

Symbol: BusFault_Handler
   Definitions
      At line 186 in file ..\..\Device\MM32F327x\Source\KEIL_StartAsm\startup_m
m32f327x_keil.s
   Uses
      At line 55 in file ..\..\Device\MM32F327x\Source\KEIL_StartAsm\startup_mm
32f327x_keil.s
      At line 187 in file ..\..\Device\MM32F327x\Source\KEIL_StartAsm\startup_m
m32f327x_keil.s

CAN1_RX_IRQHandler 0000001A

Symbol: CAN1_RX_IRQHandler
   Definitions
      At line 298 in file ..\..\Device\MM32F327x\Source\KEIL_StartAsm\startup_m
m32f327x_keil.s
   Uses
      At line 88 in file ..\..\Device\MM32F327x\Source\KEIL_StartAsm\startup_mm
32f327x_keil.s
      At line 235 in file ..\..\Device\MM32F327x\Source\KEIL_StartAsm\startup_m
m32f327x_keil.s

COMP1_2_IRQHandler 0000001A




ARM Macro Assembler    Page 2 Alphabetic symbol ordering
Relocatable symbols

Symbol: COMP1_2_IRQHandler
   Definitions
      At line 335 in file ..\..\Device\MM32F327x\Source\KEIL_StartAsm\startup_m
m32f327x_keil.s
   Uses
      At line 131 in file ..\..\Device\MM32F327x\Source\KEIL_StartAsm\startup_m
m32f327x_keil.s
      At line 272 in file ..\..\Device\MM32F327x\Source\KEIL_StartAsm\startup_m
m32f327x_keil.s

DMA1_Channel1_IRQHandler 0000001A

Symbol: DMA1_Channel1_IRQHandler
   Definitions
      At line 289 in file ..\..\Device\MM32F327x\Source\KEIL_StartAsm\startup_m
m32f327x_keil.s
   Uses
      At line 78 in file ..\..\Device\MM32F327x\Source\KEIL_StartAsm\startup_mm
32f327x_keil.s
      At line 226 in file ..\..\Device\MM32F327x\Source\KEIL_StartAsm\startup_m
m32f327x_keil.s

DMA1_Channel2_IRQHandler 0000001A

Symbol: DMA1_Channel2_IRQHandler
   Definitions
      At line 290 in file ..\..\Device\MM32F327x\Source\KEIL_StartAsm\startup_m
m32f327x_keil.s
   Uses
      At line 79 in file ..\..\Device\MM32F327x\Source\KEIL_StartAsm\startup_mm
32f327x_keil.s
      At line 227 in file ..\..\Device\MM32F327x\Source\KEIL_StartAsm\startup_m
m32f327x_keil.s

DMA1_Channel3_IRQHandler 0000001A

Symbol: DMA1_Channel3_IRQHandler
   Definitions
      At line 291 in file ..\..\Device\MM32F327x\Source\KEIL_StartAsm\startup_m
m32f327x_keil.s
   Uses
      At line 80 in file ..\..\Device\MM32F327x\Source\KEIL_StartAsm\startup_mm
32f327x_keil.s
      At line 228 in file ..\..\Device\MM32F327x\Source\KEIL_StartAsm\startup_m
m32f327x_keil.s

DMA1_Channel4_IRQHandler 0000001A

Symbol: DMA1_Channel4_IRQHandler
   Definitions
      At line 292 in file ..\..\Device\MM32F327x\Source\KEIL_StartAsm\startup_m
m32f327x_keil.s
   Uses
      At line 81 in file ..\..\Device\MM32F327x\Source\KEIL_StartAsm\startup_mm
32f327x_keil.s
      At line 229 in file ..\..\Device\MM32F327x\Source\KEIL_StartAsm\startup_m
m32f327x_keil.s

DMA1_Channel5_IRQHandler 0000001A



ARM Macro Assembler    Page 3 Alphabetic symbol ordering
Relocatable symbols


Symbol: DMA1_Channel5_IRQHandler
   Definitions
      At line 293 in file ..\..\Device\MM32F327x\Source\KEIL_StartAsm\startup_m
m32f327x_keil.s
   Uses
      At line 82 in file ..\..\Device\MM32F327x\Source\KEIL_StartAsm\startup_mm
32f327x_keil.s
      At line 230 in file ..\..\Device\MM32F327x\Source\KEIL_StartAsm\startup_m
m32f327x_keil.s

DMA1_Channel6_IRQHandler 0000001A

Symbol: DMA1_Channel6_IRQHandler
   Definitions
      At line 294 in file ..\..\Device\MM32F327x\Source\KEIL_StartAsm\startup_m
m32f327x_keil.s
   Uses
      At line 83 in file ..\..\Device\MM32F327x\Source\KEIL_StartAsm\startup_mm
32f327x_keil.s
      At line 231 in file ..\..\Device\MM32F327x\Source\KEIL_StartAsm\startup_m
m32f327x_keil.s

DMA1_Channel7_IRQHandler 0000001A

Symbol: DMA1_Channel7_IRQHandler
   Definitions
      At line 295 in file ..\..\Device\MM32F327x\Source\KEIL_StartAsm\startup_m
m32f327x_keil.s
   Uses
      At line 84 in file ..\..\Device\MM32F327x\Source\KEIL_StartAsm\startup_mm
32f327x_keil.s
      At line 232 in file ..\..\Device\MM32F327x\Source\KEIL_StartAsm\startup_m
m32f327x_keil.s

DMA2_Channel1_IRQHandler 0000001A

Symbol: DMA2_Channel1_IRQHandler
   Definitions
      At line 329 in file ..\..\Device\MM32F327x\Source\KEIL_StartAsm\startup_m
m32f327x_keil.s
   Uses
      At line 123 in file ..\..\Device\MM32F327x\Source\KEIL_StartAsm\startup_m
m32f327x_keil.s
      At line 266 in file ..\..\Device\MM32F327x\Source\KEIL_StartAsm\startup_m
m32f327x_keil.s

DMA2_Channel2_IRQHandler 0000001A

Symbol: DMA2_Channel2_IRQHandler
   Definitions
      At line 330 in file ..\..\Device\MM32F327x\Source\KEIL_StartAsm\startup_m
m32f327x_keil.s
   Uses
      At line 124 in file ..\..\Device\MM32F327x\Source\KEIL_StartAsm\startup_m
m32f327x_keil.s
      At line 267 in file ..\..\Device\MM32F327x\Source\KEIL_StartAsm\startup_m
m32f327x_keil.s




ARM Macro Assembler    Page 4 Alphabetic symbol ordering
Relocatable symbols

DMA2_Channel3_IRQHandler 0000001A

Symbol: DMA2_Channel3_IRQHandler
   Definitions
      At line 331 in file ..\..\Device\MM32F327x\Source\KEIL_StartAsm\startup_m
m32f327x_keil.s
   Uses
      At line 125 in file ..\..\Device\MM32F327x\Source\KEIL_StartAsm\startup_m
m32f327x_keil.s
      At line 268 in file ..\..\Device\MM32F327x\Source\KEIL_StartAsm\startup_m
m32f327x_keil.s

DMA2_Channel4_IRQHandler 0000001A

Symbol: DMA2_Channel4_IRQHandler
   Definitions
      At line 332 in file ..\..\Device\MM32F327x\Source\KEIL_StartAsm\startup_m
m32f327x_keil.s
   Uses
      At line 126 in file ..\..\Device\MM32F327x\Source\KEIL_StartAsm\startup_m
m32f327x_keil.s
      At line 269 in file ..\..\Device\MM32F327x\Source\KEIL_StartAsm\startup_m
m32f327x_keil.s

DMA2_Channel5_IRQHandler 0000001A

Symbol: DMA2_Channel5_IRQHandler
   Definitions
      At line 333 in file ..\..\Device\MM32F327x\Source\KEIL_StartAsm\startup_m
m32f327x_keil.s
   Uses
      At line 127 in file ..\..\Device\MM32F327x\Source\KEIL_StartAsm\startup_m
m32f327x_keil.s
      At line 270 in file ..\..\Device\MM32F327x\Source\KEIL_StartAsm\startup_m
m32f327x_keil.s

DebugMon_Handler 00000014

Symbol: DebugMon_Handler
   Definitions
      At line 200 in file ..\..\Device\MM32F327x\Source\KEIL_StartAsm\startup_m
m32f327x_keil.s
   Uses
      At line 63 in file ..\..\Device\MM32F327x\Source\KEIL_StartAsm\startup_mm
32f327x_keil.s
      At line 201 in file ..\..\Device\MM32F327x\Source\KEIL_StartAsm\startup_m
m32f327x_keil.s

Default_Handler 0000001A

Symbol: Default_Handler
   Definitions
      At line 213 in file ..\..\Device\MM32F327x\Source\KEIL_StartAsm\startup_m
m32f327x_keil.s
   Uses
      None
Comment: Default_Handler unused
ETH_IRQHandler 0000001A




ARM Macro Assembler    Page 5 Alphabetic symbol ordering
Relocatable symbols

Symbol: ETH_IRQHandler
   Definitions
      At line 334 in file ..\..\Device\MM32F327x\Source\KEIL_StartAsm\startup_m
m32f327x_keil.s
   Uses
      At line 128 in file ..\..\Device\MM32F327x\Source\KEIL_StartAsm\startup_m
m32f327x_keil.s
      At line 271 in file ..\..\Device\MM32F327x\Source\KEIL_StartAsm\startup_m
m32f327x_keil.s

EXTI0_IRQHandler 0000001A

Symbol: EXTI0_IRQHandler
   Definitions
      At line 284 in file ..\..\Device\MM32F327x\Source\KEIL_StartAsm\startup_m
m32f327x_keil.s
   Uses
      At line 73 in file ..\..\Device\MM32F327x\Source\KEIL_StartAsm\startup_mm
32f327x_keil.s
      At line 221 in file ..\..\Device\MM32F327x\Source\KEIL_StartAsm\startup_m
m32f327x_keil.s

EXTI15_10_IRQHandler 0000001A

Symbol: EXTI15_10_IRQHandler
   Definitions
      At line 314 in file ..\..\Device\MM32F327x\Source\KEIL_StartAsm\startup_m
m32f327x_keil.s
   Uses
      At line 107 in file ..\..\Device\MM32F327x\Source\KEIL_StartAsm\startup_m
m32f327x_keil.s
      At line 251 in file ..\..\Device\MM32F327x\Source\KEIL_StartAsm\startup_m
m32f327x_keil.s

EXTI1_IRQHandler 0000001A

Symbol: EXTI1_IRQHandler
   Definitions
      At line 285 in file ..\..\Device\MM32F327x\Source\KEIL_StartAsm\startup_m
m32f327x_keil.s
   Uses
      At line 74 in file ..\..\Device\MM32F327x\Source\KEIL_StartAsm\startup_mm
32f327x_keil.s
      At line 222 in file ..\..\Device\MM32F327x\Source\KEIL_StartAsm\startup_m
m32f327x_keil.s

EXTI2_IRQHandler 0000001A

Symbol: EXTI2_IRQHandler
   Definitions
      At line 286 in file ..\..\Device\MM32F327x\Source\KEIL_StartAsm\startup_m
m32f327x_keil.s
   Uses
      At line 75 in file ..\..\Device\MM32F327x\Source\KEIL_StartAsm\startup_mm
32f327x_keil.s
      At line 223 in file ..\..\Device\MM32F327x\Source\KEIL_StartAsm\startup_m
m32f327x_keil.s

EXTI3_IRQHandler 0000001A



ARM Macro Assembler    Page 6 Alphabetic symbol ordering
Relocatable symbols


Symbol: EXTI3_IRQHandler
   Definitions
      At line 287 in file ..\..\Device\MM32F327x\Source\KEIL_StartAsm\startup_m
m32f327x_keil.s
   Uses
      At line 76 in file ..\..\Device\MM32F327x\Source\KEIL_StartAsm\startup_mm
32f327x_keil.s
      At line 224 in file ..\..\Device\MM32F327x\Source\KEIL_StartAsm\startup_m
m32f327x_keil.s

EXTI4_IRQHandler 0000001A

Symbol: EXTI4_IRQHandler
   Definitions
      At line 288 in file ..\..\Device\MM32F327x\Source\KEIL_StartAsm\startup_m
m32f327x_keil.s
   Uses
      At line 77 in file ..\..\Device\MM32F327x\Source\KEIL_StartAsm\startup_mm
32f327x_keil.s
      At line 225 in file ..\..\Device\MM32F327x\Source\KEIL_StartAsm\startup_m
m32f327x_keil.s

EXTI9_5_IRQHandler 0000001A

Symbol: EXTI9_5_IRQHandler
   Definitions
      At line 299 in file ..\..\Device\MM32F327x\Source\KEIL_StartAsm\startup_m
m32f327x_keil.s
   Uses
      At line 90 in file ..\..\Device\MM32F327x\Source\KEIL_StartAsm\startup_mm
32f327x_keil.s
      At line 236 in file ..\..\Device\MM32F327x\Source\KEIL_StartAsm\startup_m
m32f327x_keil.s

FLASH_IRQHandler 0000001A

Symbol: FLASH_IRQHandler
   Definitions
      At line 282 in file ..\..\Device\MM32F327x\Source\KEIL_StartAsm\startup_m
m32f327x_keil.s
   Uses
      At line 71 in file ..\..\Device\MM32F327x\Source\KEIL_StartAsm\startup_mm
32f327x_keil.s
      At line 219 in file ..\..\Device\MM32F327x\Source\KEIL_StartAsm\startup_m
m32f327x_keil.s

FlashCache_IRQHandler 0000001A

Symbol: FlashCache_IRQHandler
   Definitions
      At line 297 in file ..\..\Device\MM32F327x\Source\KEIL_StartAsm\startup_m
m32f327x_keil.s
   Uses
      At line 86 in file ..\..\Device\MM32F327x\Source\KEIL_StartAsm\startup_mm
32f327x_keil.s
      At line 234 in file ..\..\Device\MM32F327x\Source\KEIL_StartAsm\startup_m
m32f327x_keil.s




ARM Macro Assembler    Page 7 Alphabetic symbol ordering
Relocatable symbols

HardFault_Handler 0000000A

Symbol: HardFault_Handler
   Definitions
      At line 176 in file ..\..\Device\MM32F327x\Source\KEIL_StartAsm\startup_m
m32f327x_keil.s
   Uses
      At line 53 in file ..\..\Device\MM32F327x\Source\KEIL_StartAsm\startup_mm
32f327x_keil.s
      At line 177 in file ..\..\Device\MM32F327x\Source\KEIL_StartAsm\startup_m
m32f327x_keil.s

I2C1_IRQHandler 0000001A

Symbol: I2C1_IRQHandler
   Definitions
      At line 307 in file ..\..\Device\MM32F327x\Source\KEIL_StartAsm\startup_m
m32f327x_keil.s
   Uses
      At line 98 in file ..\..\Device\MM32F327x\Source\KEIL_StartAsm\startup_mm
32f327x_keil.s
      At line 244 in file ..\..\Device\MM32F327x\Source\KEIL_StartAsm\startup_m
m32f327x_keil.s

I2C2_IRQHandler 0000001A

Symbol: I2C2_IRQHandler
   Definitions
      At line 308 in file ..\..\Device\MM32F327x\Source\KEIL_StartAsm\startup_m
m32f327x_keil.s
   Uses
      At line 100 in file ..\..\Device\MM32F327x\Source\KEIL_StartAsm\startup_m
m32f327x_keil.s
      At line 245 in file ..\..\Device\MM32F327x\Source\KEIL_StartAsm\startup_m
m32f327x_keil.s

MemManage_Handler 0000000C

Symbol: MemManage_Handler
   Definitions
      At line 181 in file ..\..\Device\MM32F327x\Source\KEIL_StartAsm\startup_m
m32f327x_keil.s
   Uses
      At line 54 in file ..\..\Device\MM32F327x\Source\KEIL_StartAsm\startup_mm
32f327x_keil.s
      At line 182 in file ..\..\Device\MM32F327x\Source\KEIL_StartAsm\startup_m
m32f327x_keil.s

NMI_Handler 00000008

Symbol: NMI_Handler
   Definitions
      At line 171 in file ..\..\Device\MM32F327x\Source\KEIL_StartAsm\startup_m
m32f327x_keil.s
   Uses
      At line 52 in file ..\..\Device\MM32F327x\Source\KEIL_StartAsm\startup_mm
32f327x_keil.s
      At line 172 in file ..\..\Device\MM32F327x\Source\KEIL_StartAsm\startup_m
m32f327x_keil.s



ARM Macro Assembler    Page 8 Alphabetic symbol ordering
Relocatable symbols


OTG_FS_IRQHandler 0000001A

Symbol: OTG_FS_IRQHandler
   Definitions
      At line 336 in file ..\..\Device\MM32F327x\Source\KEIL_StartAsm\startup_m
m32f327x_keil.s
   Uses
      At line 134 in file ..\..\Device\MM32F327x\Source\KEIL_StartAsm\startup_m
m32f327x_keil.s
      At line 273 in file ..\..\Device\MM32F327x\Source\KEIL_StartAsm\startup_m
m32f327x_keil.s

OTG_FS_WKUP_IRQHandler 0000001A

Symbol: OTG_FS_WKUP_IRQHandler
   Definitions
      At line 316 in file ..\..\Device\MM32F327x\Source\KEIL_StartAsm\startup_m
m32f327x_keil.s
   Uses
      At line 109 in file ..\..\Device\MM32F327x\Source\KEIL_StartAsm\startup_m
m32f327x_keil.s
      At line 253 in file ..\..\Device\MM32F327x\Source\KEIL_StartAsm\startup_m
m32f327x_keil.s

PVD_IRQHandler 0000001A

Symbol: PVD_IRQHandler
   Definitions
      At line 279 in file ..\..\Device\MM32F327x\Source\KEIL_StartAsm\startup_m
m32f327x_keil.s
   Uses
      At line 68 in file ..\..\Device\MM32F327x\Source\KEIL_StartAsm\startup_mm
32f327x_keil.s
      At line 216 in file ..\..\Device\MM32F327x\Source\KEIL_StartAsm\startup_m
m32f327x_keil.s

PendSV_Handler 00000016

Symbol: PendSV_Handler
   Definitions
      At line 204 in file ..\..\Device\MM32F327x\Source\KEIL_StartAsm\startup_m
m32f327x_keil.s
   Uses
      At line 65 in file ..\..\Device\MM32F327x\Source\KEIL_StartAsm\startup_mm
32f327x_keil.s
      At line 205 in file ..\..\Device\MM32F327x\Source\KEIL_StartAsm\startup_m
m32f327x_keil.s

RCC_CRS_IRQHandler 0000001A

Symbol: RCC_CRS_IRQHandler
   Definitions
      At line 283 in file ..\..\Device\MM32F327x\Source\KEIL_StartAsm\startup_m
m32f327x_keil.s
   Uses
      At line 72 in file ..\..\Device\MM32F327x\Source\KEIL_StartAsm\startup_mm
32f327x_keil.s
      At line 220 in file ..\..\Device\MM32F327x\Source\KEIL_StartAsm\startup_m



ARM Macro Assembler    Page 9 Alphabetic symbol ordering
Relocatable symbols

m32f327x_keil.s

RTCAlarm_IRQHandler 0000001A

Symbol: RTCAlarm_IRQHandler
   Definitions
      At line 315 in file ..\..\Device\MM32F327x\Source\KEIL_StartAsm\startup_m
m32f327x_keil.s
   Uses
      At line 108 in file ..\..\Device\MM32F327x\Source\KEIL_StartAsm\startup_m
m32f327x_keil.s
      At line 252 in file ..\..\Device\MM32F327x\Source\KEIL_StartAsm\startup_m
m32f327x_keil.s

RTC_IRQHandler 0000001A

Symbol: RTC_IRQHandler
   Definitions
      At line 281 in file ..\..\Device\MM32F327x\Source\KEIL_StartAsm\startup_m
m32f327x_keil.s
   Uses
      At line 70 in file ..\..\Device\MM32F327x\Source\KEIL_StartAsm\startup_mm
32f327x_keil.s
      At line 218 in file ..\..\Device\MM32F327x\Source\KEIL_StartAsm\startup_m
m32f327x_keil.s

Reset_Handler 00000000

Symbol: Reset_Handler
   Definitions
      At line 159 in file ..\..\Device\MM32F327x\Source\KEIL_StartAsm\startup_m
m32f327x_keil.s
   Uses
      At line 51 in file ..\..\Device\MM32F327x\Source\KEIL_StartAsm\startup_mm
32f327x_keil.s
      At line 160 in file ..\..\Device\MM32F327x\Source\KEIL_StartAsm\startup_m
m32f327x_keil.s

SDIO_IRQHandler 0000001A

Symbol: SDIO_IRQHandler
   Definitions
      At line 322 in file ..\..\Device\MM32F327x\Source\KEIL_StartAsm\startup_m
m32f327x_keil.s
   Uses
      At line 116 in file ..\..\Device\MM32F327x\Source\KEIL_StartAsm\startup_m
m32f327x_keil.s
      At line 259 in file ..\..\Device\MM32F327x\Source\KEIL_StartAsm\startup_m
m32f327x_keil.s

SPI1_IRQHandler 0000001A

Symbol: SPI1_IRQHandler
   Definitions
      At line 309 in file ..\..\Device\MM32F327x\Source\KEIL_StartAsm\startup_m
m32f327x_keil.s
   Uses
      At line 102 in file ..\..\Device\MM32F327x\Source\KEIL_StartAsm\startup_m
m32f327x_keil.s



ARM Macro Assembler    Page 10 Alphabetic symbol ordering
Relocatable symbols

      At line 246 in file ..\..\Device\MM32F327x\Source\KEIL_StartAsm\startup_m
m32f327x_keil.s

SPI2_IRQHandler 0000001A

Symbol: SPI2_IRQHandler
   Definitions
      At line 310 in file ..\..\Device\MM32F327x\Source\KEIL_StartAsm\startup_m
m32f327x_keil.s
   Uses
      At line 103 in file ..\..\Device\MM32F327x\Source\KEIL_StartAsm\startup_m
m32f327x_keil.s
      At line 247 in file ..\..\Device\MM32F327x\Source\KEIL_StartAsm\startup_m
m32f327x_keil.s

SPI3_IRQHandler 0000001A

Symbol: SPI3_IRQHandler
   Definitions
      At line 324 in file ..\..\Device\MM32F327x\Source\KEIL_StartAsm\startup_m
m32f327x_keil.s
   Uses
      At line 118 in file ..\..\Device\MM32F327x\Source\KEIL_StartAsm\startup_m
m32f327x_keil.s
      At line 261 in file ..\..\Device\MM32F327x\Source\KEIL_StartAsm\startup_m
m32f327x_keil.s

SVC_Handler 00000012

Symbol: SVC_Handler
   Definitions
      At line 195 in file ..\..\Device\MM32F327x\Source\KEIL_StartAsm\startup_m
m32f327x_keil.s
   Uses
      At line 62 in file ..\..\Device\MM32F327x\Source\KEIL_StartAsm\startup_mm
32f327x_keil.s
      At line 196 in file ..\..\Device\MM32F327x\Source\KEIL_StartAsm\startup_m
m32f327x_keil.s

SysTick_Handler 00000018

Symbol: SysTick_Handler
   Definitions
      At line 208 in file ..\..\Device\MM32F327x\Source\KEIL_StartAsm\startup_m
m32f327x_keil.s
   Uses
      At line 66 in file ..\..\Device\MM32F327x\Source\KEIL_StartAsm\startup_mm
32f327x_keil.s
      At line 209 in file ..\..\Device\MM32F327x\Source\KEIL_StartAsm\startup_m
m32f327x_keil.s

TAMPER_IRQHandler 0000001A

Symbol: TAMPER_IRQHandler
   Definitions
      At line 280 in file ..\..\Device\MM32F327x\Source\KEIL_StartAsm\startup_m
m32f327x_keil.s
   Uses
      At line 69 in file ..\..\Device\MM32F327x\Source\KEIL_StartAsm\startup_mm



ARM Macro Assembler    Page 11 Alphabetic symbol ordering
Relocatable symbols

32f327x_keil.s
      At line 217 in file ..\..\Device\MM32F327x\Source\KEIL_StartAsm\startup_m
m32f327x_keil.s

TIM1_BRK_IRQHandler 0000001A

Symbol: TIM1_BRK_IRQHandler
   Definitions
      At line 300 in file ..\..\Device\MM32F327x\Source\KEIL_StartAsm\startup_m
m32f327x_keil.s
   Uses
      At line 91 in file ..\..\Device\MM32F327x\Source\KEIL_StartAsm\startup_mm
32f327x_keil.s
      At line 237 in file ..\..\Device\MM32F327x\Source\KEIL_StartAsm\startup_m
m32f327x_keil.s

TIM1_CC_IRQHandler 0000001A

Symbol: TIM1_CC_IRQHandler
   Definitions
      At line 303 in file ..\..\Device\MM32F327x\Source\KEIL_StartAsm\startup_m
m32f327x_keil.s
   Uses
      At line 94 in file ..\..\Device\MM32F327x\Source\KEIL_StartAsm\startup_mm
32f327x_keil.s
      At line 240 in file ..\..\Device\MM32F327x\Source\KEIL_StartAsm\startup_m
m32f327x_keil.s

TIM1_TRG_COM_IRQHandler 0000001A

Symbol: TIM1_TRG_COM_IRQHandler
   Definitions
      At line 302 in file ..\..\Device\MM32F327x\Source\KEIL_StartAsm\startup_m
m32f327x_keil.s
   Uses
      At line 93 in file ..\..\Device\MM32F327x\Source\KEIL_StartAsm\startup_mm
32f327x_keil.s
      At line 239 in file ..\..\Device\MM32F327x\Source\KEIL_StartAsm\startup_m
m32f327x_keil.s

TIM1_UP_IRQHandler 0000001A

Symbol: TIM1_UP_IRQHandler
   Definitions
      At line 301 in file ..\..\Device\MM32F327x\Source\KEIL_StartAsm\startup_m
m32f327x_keil.s
   Uses
      At line 92 in file ..\..\Device\MM32F327x\Source\KEIL_StartAsm\startup_mm
32f327x_keil.s
      At line 238 in file ..\..\Device\MM32F327x\Source\KEIL_StartAsm\startup_m
m32f327x_keil.s

TIM2_IRQHandler 0000001A

Symbol: TIM2_IRQHandler
   Definitions
      At line 304 in file ..\..\Device\MM32F327x\Source\KEIL_StartAsm\startup_m
m32f327x_keil.s
   Uses



ARM Macro Assembler    Page 12 Alphabetic symbol ordering
Relocatable symbols

      At line 95 in file ..\..\Device\MM32F327x\Source\KEIL_StartAsm\startup_mm
32f327x_keil.s
      At line 241 in file ..\..\Device\MM32F327x\Source\KEIL_StartAsm\startup_m
m32f327x_keil.s

TIM3_IRQHandler 0000001A

Symbol: TIM3_IRQHandler
   Definitions
      At line 305 in file ..\..\Device\MM32F327x\Source\KEIL_StartAsm\startup_m
m32f327x_keil.s
   Uses
      At line 96 in file ..\..\Device\MM32F327x\Source\KEIL_StartAsm\startup_mm
32f327x_keil.s
      At line 242 in file ..\..\Device\MM32F327x\Source\KEIL_StartAsm\startup_m
m32f327x_keil.s

TIM4_IRQHandler 0000001A

Symbol: TIM4_IRQHandler
   Definitions
      At line 306 in file ..\..\Device\MM32F327x\Source\KEIL_StartAsm\startup_m
m32f327x_keil.s
   Uses
      At line 97 in file ..\..\Device\MM32F327x\Source\KEIL_StartAsm\startup_mm
32f327x_keil.s
      At line 243 in file ..\..\Device\MM32F327x\Source\KEIL_StartAsm\startup_m
m32f327x_keil.s

TIM5_IRQHandler 0000001A

Symbol: TIM5_IRQHandler
   Definitions
      At line 323 in file ..\..\Device\MM32F327x\Source\KEIL_StartAsm\startup_m
m32f327x_keil.s
   Uses
      At line 117 in file ..\..\Device\MM32F327x\Source\KEIL_StartAsm\startup_m
m32f327x_keil.s
      At line 260 in file ..\..\Device\MM32F327x\Source\KEIL_StartAsm\startup_m
m32f327x_keil.s

TIM6_IRQHandler 0000001A

Symbol: TIM6_IRQHandler
   Definitions
      At line 327 in file ..\..\Device\MM32F327x\Source\KEIL_StartAsm\startup_m
m32f327x_keil.s
   Uses
      At line 121 in file ..\..\Device\MM32F327x\Source\KEIL_StartAsm\startup_m
m32f327x_keil.s
      At line 264 in file ..\..\Device\MM32F327x\Source\KEIL_StartAsm\startup_m
m32f327x_keil.s

TIM7_IRQHandler 0000001A

Symbol: TIM7_IRQHandler
   Definitions
      At line 328 in file ..\..\Device\MM32F327x\Source\KEIL_StartAsm\startup_m
m32f327x_keil.s



ARM Macro Assembler    Page 13 Alphabetic symbol ordering
Relocatable symbols

   Uses
      At line 122 in file ..\..\Device\MM32F327x\Source\KEIL_StartAsm\startup_m
m32f327x_keil.s
      At line 265 in file ..\..\Device\MM32F327x\Source\KEIL_StartAsm\startup_m
m32f327x_keil.s

TIM8_BRK_IRQHandler 0000001A

Symbol: TIM8_BRK_IRQHandler
   Definitions
      At line 317 in file ..\..\Device\MM32F327x\Source\KEIL_StartAsm\startup_m
m32f327x_keil.s
   Uses
      At line 110 in file ..\..\Device\MM32F327x\Source\KEIL_StartAsm\startup_m
m32f327x_keil.s
      At line 254 in file ..\..\Device\MM32F327x\Source\KEIL_StartAsm\startup_m
m32f327x_keil.s

TIM8_CC_IRQHandler 0000001A

Symbol: TIM8_CC_IRQHandler
   Definitions
      At line 320 in file ..\..\Device\MM32F327x\Source\KEIL_StartAsm\startup_m
m32f327x_keil.s
   Uses
      At line 113 in file ..\..\Device\MM32F327x\Source\KEIL_StartAsm\startup_m
m32f327x_keil.s
      At line 257 in file ..\..\Device\MM32F327x\Source\KEIL_StartAsm\startup_m
m32f327x_keil.s

TIM8_TRG_COM_IRQHandler 0000001A

Symbol: TIM8_TRG_COM_IRQHandler
   Definitions
      At line 319 in file ..\..\Device\MM32F327x\Source\KEIL_StartAsm\startup_m
m32f327x_keil.s
   Uses
      At line 112 in file ..\..\Device\MM32F327x\Source\KEIL_StartAsm\startup_m
m32f327x_keil.s
      At line 256 in file ..\..\Device\MM32F327x\Source\KEIL_StartAsm\startup_m
m32f327x_keil.s

TIM8_UP_IRQHandler 0000001A

Symbol: TIM8_UP_IRQHandler
   Definitions
      At line 318 in file ..\..\Device\MM32F327x\Source\KEIL_StartAsm\startup_m
m32f327x_keil.s
   Uses
      At line 111 in file ..\..\Device\MM32F327x\Source\KEIL_StartAsm\startup_m
m32f327x_keil.s
      At line 255 in file ..\..\Device\MM32F327x\Source\KEIL_StartAsm\startup_m
m32f327x_keil.s

UART1_IRQHandler 0000001A

Symbol: UART1_IRQHandler
   Definitions
      At line 311 in file ..\..\Device\MM32F327x\Source\KEIL_StartAsm\startup_m



ARM Macro Assembler    Page 14 Alphabetic symbol ordering
Relocatable symbols

m32f327x_keil.s
   Uses
      At line 104 in file ..\..\Device\MM32F327x\Source\KEIL_StartAsm\startup_m
m32f327x_keil.s
      At line 248 in file ..\..\Device\MM32F327x\Source\KEIL_StartAsm\startup_m
m32f327x_keil.s

UART2_IRQHandler 0000001A

Symbol: UART2_IRQHandler
   Definitions
      At line 312 in file ..\..\Device\MM32F327x\Source\KEIL_StartAsm\startup_m
m32f327x_keil.s
   Uses
      At line 105 in file ..\..\Device\MM32F327x\Source\KEIL_StartAsm\startup_m
m32f327x_keil.s
      At line 249 in file ..\..\Device\MM32F327x\Source\KEIL_StartAsm\startup_m
m32f327x_keil.s

UART3_IRQHandler 0000001A

Symbol: UART3_IRQHandler
   Definitions
      At line 313 in file ..\..\Device\MM32F327x\Source\KEIL_StartAsm\startup_m
m32f327x_keil.s
   Uses
      At line 106 in file ..\..\Device\MM32F327x\Source\KEIL_StartAsm\startup_m
m32f327x_keil.s
      At line 250 in file ..\..\Device\MM32F327x\Source\KEIL_StartAsm\startup_m
m32f327x_keil.s

UART4_IRQHandler 0000001A

Symbol: UART4_IRQHandler
   Definitions
      At line 325 in file ..\..\Device\MM32F327x\Source\KEIL_StartAsm\startup_m
m32f327x_keil.s
   Uses
      At line 119 in file ..\..\Device\MM32F327x\Source\KEIL_StartAsm\startup_m
m32f327x_keil.s
      At line 262 in file ..\..\Device\MM32F327x\Source\KEIL_StartAsm\startup_m
m32f327x_keil.s

UART5_IRQHandler 0000001A

Symbol: UART5_IRQHandler
   Definitions
      At line 326 in file ..\..\Device\MM32F327x\Source\KEIL_StartAsm\startup_m
m32f327x_keil.s
   Uses
      At line 120 in file ..\..\Device\MM32F327x\Source\KEIL_StartAsm\startup_m
m32f327x_keil.s
      At line 263 in file ..\..\Device\MM32F327x\Source\KEIL_StartAsm\startup_m
m32f327x_keil.s

UART6_IRQHandler 0000001A

Symbol: UART6_IRQHandler
   Definitions



ARM Macro Assembler    Page 15 Alphabetic symbol ordering
Relocatable symbols

      At line 337 in file ..\..\Device\MM32F327x\Source\KEIL_StartAsm\startup_m
m32f327x_keil.s
   Uses
      At line 138 in file ..\..\Device\MM32F327x\Source\KEIL_StartAsm\startup_m
m32f327x_keil.s
      At line 274 in file ..\..\Device\MM32F327x\Source\KEIL_StartAsm\startup_m
m32f327x_keil.s

UART7_IRQHandler 0000001A

Symbol: UART7_IRQHandler
   Definitions
      At line 338 in file ..\..\Device\MM32F327x\Source\KEIL_StartAsm\startup_m
m32f327x_keil.s
   Uses
      At line 149 in file ..\..\Device\MM32F327x\Source\KEIL_StartAsm\startup_m
m32f327x_keil.s
      At line 275 in file ..\..\Device\MM32F327x\Source\KEIL_StartAsm\startup_m
m32f327x_keil.s

UART8_IRQHandler 0000001A

Symbol: UART8_IRQHandler
   Definitions
      At line 339 in file ..\..\Device\MM32F327x\Source\KEIL_StartAsm\startup_m
m32f327x_keil.s
   Uses
      At line 150 in file ..\..\Device\MM32F327x\Source\KEIL_StartAsm\startup_m
m32f327x_keil.s
      At line 276 in file ..\..\Device\MM32F327x\Source\KEIL_StartAsm\startup_m
m32f327x_keil.s

UsageFault_Handler 00000010

Symbol: UsageFault_Handler
   Definitions
      At line 191 in file ..\..\Device\MM32F327x\Source\KEIL_StartAsm\startup_m
m32f327x_keil.s
   Uses
      At line 56 in file ..\..\Device\MM32F327x\Source\KEIL_StartAsm\startup_mm
32f327x_keil.s
      At line 192 in file ..\..\Device\MM32F327x\Source\KEIL_StartAsm\startup_m
m32f327x_keil.s

WWDG_IRQHandler 0000001A

Symbol: WWDG_IRQHandler
   Definitions
      At line 278 in file ..\..\Device\MM32F327x\Source\KEIL_StartAsm\startup_m
m32f327x_keil.s
   Uses
      At line 67 in file ..\..\Device\MM32F327x\Source\KEIL_StartAsm\startup_mm
32f327x_keil.s
      At line 215 in file ..\..\Device\MM32F327x\Source\KEIL_StartAsm\startup_m
m32f327x_keil.s

74 symbols



ARM Macro Assembler    Page 1 Alphabetic symbol ordering
Absolute symbols

Heap_Size 00000200

Symbol: Heap_Size
   Definitions
      At line 34 in file ..\..\Device\MM32F327x\Source\KEIL_StartAsm\startup_mm
32f327x_keil.s
   Uses
      At line 38 in file ..\..\Device\MM32F327x\Source\KEIL_StartAsm\startup_mm
32f327x_keil.s
Comment: Heap_Size used once
Stack_Size 00000400

Symbol: Stack_Size
   Definitions
      At line 25 in file ..\..\Device\MM32F327x\Source\KEIL_StartAsm\startup_mm
32f327x_keil.s
   Uses
      At line 28 in file ..\..\Device\MM32F327x\Source\KEIL_StartAsm\startup_mm
32f327x_keil.s
Comment: Stack_Size used once
__Vectors_Size 00000190

Symbol: __Vectors_Size
   Definitions
      At line 154 in file ..\..\Device\MM32F327x\Source\KEIL_StartAsm\startup_m
m32f327x_keil.s
   Uses
      At line 48 in file ..\..\Device\MM32F327x\Source\KEIL_StartAsm\startup_mm
32f327x_keil.s
Comment: __Vectors_Size used once
3 symbols



ARM Macro Assembler    Page 1 Alphabetic symbol ordering
External symbols

SystemInit 00000000

Symbol: SystemInit
   Definitions
      At line 162 in file ..\..\Device\MM32F327x\Source\KEIL_StartAsm\startup_m
m32f327x_keil.s
   Uses
      At line 163 in file ..\..\Device\MM32F327x\Source\KEIL_StartAsm\startup_m
m32f327x_keil.s
Comment: SystemInit used once
__main 00000000

Symbol: __main
   Definitions
      At line 161 in file ..\..\Device\MM32F327x\Source\KEIL_StartAsm\startup_m
m32f327x_keil.s
   Uses
      At line 165 in file ..\..\Device\MM32F327x\Source\KEIL_StartAsm\startup_m
m32f327x_keil.s
Comment: __main used once
2 symbols
425 symbols in table
